<?xml version="1.0" encoding="UTF-8"?>
<!-- Generated by org.testng.reporters.JUnitReportReporter -->
<testsuite hostname="AlthafShaik" failures="0" tests="1" name="Testscript.VerifyGuarantedpage" time="21.979" errors="0" timestamp="2024-08-16T11:01:36 IST" skipped="0">
  <testcase classname="Testscript.VerifyGuarantedpage" name="VerifyGuarantedpage" time="21.979"/>
  <system-out/>
</testsuite> <!-- Testscript.VerifyGuarantedpage -->
