<?xml version="1.0" encoding="UTF-8"?>
<!-- Generated by org.testng.reporters.JUnitReportReporter -->
<testsuite hostname="AlthafShaik" failures="0" tests="5" name="Testscript.VerifyLoginpage" time="64.492" errors="0" timestamp="2024-08-16T08:27:59 IST" skipped="0">
  <testcase classname="Testscript.VerifyLoginpage" name="VerifyLoginpage" time="14.149"/>
  <system-out/>
  <testcase classname="Testscript.VerifyLoginpage" name="VerifyLoginpage1" time="8.647"/>
  <system-out/>
  <testcase classname="Testscript.VerifyLoginpage" name="VerifyLoginpage2" time="11.034"/>
  <system-out/>
  <testcase classname="Testscript.VerifyLoginpage" name="VerifyLoginpage3" time="17.492"/>
  <system-out/>
  <testcase classname="Testscript.VerifyLoginpage" name="VerifyLoginpage4" time="13.170"/>
  <system-out/>
</testsuite> <!-- Testscript.VerifyLoginpage -->
